<?xml version="1.0" encoding="UTF-8"?>
<!-- Generated by org.testng.reporters.JUnitReportReporter -->
<testsuite name="bookfariscripts.CheckBrokenLinks" tests="1" time="439.527" ignored="0" failures="0" timestamp="20 Apr 2017 13:00:23 GMT" skipped="0" hostname="Clavax-PC-08" errors="0">
  <testcase name="isAllLinksWorking" time="439.527" classname="bookfariscripts.CheckBrokenLinks"/>
</testsuite> <!-- bookfariscripts.CheckBrokenLinks -->
