<?xml version="1.0" encoding="UTF-8"?>
<!-- Generated by org.testng.reporters.JUnitReportReporter -->
<testsuite name="bookfariscripts.FindBrokenLinks" tests="1" time="692.822" ignored="0" failures="0" timestamp="12 May 2017 06:08:18 GMT" skipped="0" hostname="Clavax-PC-08" errors="0">
  <testcase name="checkLink" time="692.822" classname="bookfariscripts.FindBrokenLinks"/>
</testsuite> <!-- bookfariscripts.FindBrokenLinks -->
