<?xml version="1.0" encoding="UTF-8"?>
<!-- Generated by org.testng.reporters.JUnitReportReporter -->
<testsuite name="bookfariscripts.Checkout" tests="1" time="0.018" ignored="0" failures="0" timestamp="04 Jul 2017 11:13:44 GMT" skipped="0" hostname="Clavax-PC-08" errors="0">
  <testcase name="checkoutTesting" time="0.018" classname="bookfariscripts.Checkout"/>
</testsuite> <!-- bookfariscripts.Checkout -->
