<?xml version="1.0" encoding="UTF-8"?>
<!-- Generated by org.testng.reporters.JUnitReportReporter -->
<testsuite name="bookfariscripts.AllLinksWorking" tests="1" time="21.155" ignored="0" failures="0" timestamp="10 Apr 2017 12:14:41 GMT" skipped="0" hostname="Clavax-PC-08" errors="0">
  <testcase name="linksworking" time="21.155" classname="bookfariscripts.AllLinksWorking"/>
</testsuite> <!-- bookfariscripts.AllLinksWorking -->
