<?xml version="1.0" encoding="UTF-8"?>
<!-- Generated by org.testng.reporters.JUnitReportReporter -->
<testsuite name="com.vidu.checkout.Checkout" tests="1" time="89.357" ignored="0" failures="0" timestamp="10 Mar 2017 09:55:11 GMT" skipped="0" hostname="Clavax-PC-08" errors="0">
  <testcase name="checkoutTesting" time="89.357" classname="com.vidu.checkout.Checkout"/>
</testsuite> <!-- com.vidu.checkout.Checkout -->
