<?xml version="1.0" encoding="UTF-8"?>
<!-- Generated by org.testng.reporters.JUnitReportReporter -->
<testsuite name="bookfariscripts.SearchCategory" tests="1" time="18.304" ignored="0" failures="0" timestamp="14 Mar 2017 12:19:38 GMT" skipped="0" hostname="Clavax-PC-08" errors="0">
  <testcase name="cateHasBooks" time="18.304" classname="bookfariscripts.SearchCategory"/>
</testsuite> <!-- bookfariscripts.SearchCategory -->
