<?xml version="1.0" encoding="UTF-8"?>
<!-- Generated by org.testng.reporters.JUnitReportReporter -->
<testsuite name="bookfariscripts.BowkerUpdate" tests="1" time="1360.116" ignored="0" failures="0" timestamp="27 Jun 2017 11:54:47 GMT" skipped="0" hostname="Clavax-PC-08" errors="0">
  <testcase name="checkMonthlyBowkerUpdate" time="1360.116" classname="bookfariscripts.BowkerUpdate"/>
</testsuite> <!-- bookfariscripts.BowkerUpdate -->
