<?xml version="1.0" encoding="UTF-8"?>
<!-- Generated by org.testng.reporters.JUnitReportReporter -->
<testsuite name="com.vidu.utility.LoginScript" tests="1" time="108.661" ignored="0" failures="0" timestamp="10 Mar 2017 11:07:31 GMT" skipped="0" hostname="Clavax-PC-08" errors="0">
  <testcase name="userLogin" time="108.661" classname="com.vidu.utility.LoginScript"/>
</testsuite> <!-- com.vidu.utility.LoginScript -->
