<?xml version="1.0" encoding="UTF-8"?>
<!-- Generated by org.testng.reporters.JUnitReportReporter -->
<testsuite name="bookfariscripts.BookfariInOneGo" tests="6" time="103.549" ignored="0" failures="0" timestamp="04 Jul 2017 11:17:38 GMT" skipped="0" hostname="Clavax-PC-08" errors="0">
  <testcase name="testLogin" time="9.750" classname="bookfariscripts.BookfariInOneGo"/>
  <testcase name="testCheckout" time="60.838" classname="bookfariscripts.BookfariInOneGo"/>
  <testcase name="loadWebsite" time="9.592" classname="bookfariscripts.BookfariInOneGo"/>
  <testcase name="testAddToCart" time="5.264" classname="bookfariscripts.BookfariInOneGo"/>
  <testcase name="testGoToCart" time="3.715" classname="bookfariscripts.BookfariInOneGo"/>
  <testcase name="testSearch" time="14.390" classname="bookfariscripts.BookfariInOneGo"/>
</testsuite> <!-- bookfariscripts.BookfariInOneGo -->
